d:\github\myplayersdl\sdl_player\sdl_player\debug\vc141.pdb
d:\github\myplayersdl\sdl_player\sdl_player\debug\vc141.idb
d:\github\myplayersdl\sdl_player\sdl_player\debug\helloworld.obj
d:\github\myplayersdl\sdl_player\sdl_player\debug\iexecutor.obj
d:\github\myplayersdl\sdl_player\sdl_player\debug\lesson3.obj
d:\github\myplayersdl\sdl_player\sdl_player\debug\lesson4_mainloop.obj
d:\github\myplayersdl\sdl_player\sdl_player\debug\lesson5_sprite.obj
d:\github\myplayersdl\sdl_player\sdl_player\debug\main.obj
d:\github\myplayersdl\sdl_player\debug\sdl_player.ilk
d:\github\myplayersdl\sdl_player\debug\sdl_player.exe
d:\github\myplayersdl\sdl_player\debug\sdl_player.pdb
d:\github\myplayersdl\sdl_player\sdl_player\debug\sdl_player.res
d:\github\myplayersdl\sdl_player\sdl_player\debug\sdl_player.tlog\cl.command.1.tlog
d:\github\myplayersdl\sdl_player\sdl_player\debug\sdl_player.tlog\cl.read.1.tlog
d:\github\myplayersdl\sdl_player\sdl_player\debug\sdl_player.tlog\cl.write.1.tlog
d:\github\myplayersdl\sdl_player\sdl_player\debug\sdl_player.tlog\link.command.1.tlog
d:\github\myplayersdl\sdl_player\sdl_player\debug\sdl_player.tlog\link.read.1.tlog
d:\github\myplayersdl\sdl_player\sdl_player\debug\sdl_player.tlog\link.write.1.tlog
d:\github\myplayersdl\sdl_player\sdl_player\debug\sdl_player.tlog\rc.command.1.tlog
d:\github\myplayersdl\sdl_player\sdl_player\debug\sdl_player.tlog\rc.read.1.tlog
d:\github\myplayersdl\sdl_player\sdl_player\debug\sdl_player.tlog\rc.write.1.tlog
